[21:44:46] [ServerMain/INFO]: Environment: Environment[sessionHost=https://sessionserver.mojang.com, servicesHost=https://api.minecraftservices.com, name=PROD]
[21:44:48] [ServerMain/INFO]: Loaded 1373 recipes
[21:44:48] [ServerMain/INFO]: Loaded 1484 advancements
[21:44:48] [Server thread/INFO]: Starting minecraft server version 1.21.5
[21:44:48] [Server thread/INFO]: Loading properties
[21:44:48] [Server thread/INFO]: Default game type: SURVIVAL
[21:44:48] [Server thread/INFO]: Generating keypair
[21:44:48] [Server thread/INFO]: Starting Minecraft server on *:25565
[21:44:49] [Server thread/INFO]: Using epoll channel type
[21:44:49] [Server thread/WARN]: **** FAILED TO BIND TO PORT!
[21:44:49] [Server thread/WARN]: The exception was: io.netty.channel.unix.Errors$NativeIoException: bind(..) failed: Address already in use
[21:44:49] [Server thread/WARN]: Perhaps a server is already running on that port?
[21:44:49] [Server thread/ERROR]: Encountered an unexpected exception
java.lang.IllegalStateException: Failed to initialize server
	at net.minecraft.server.MinecraftServer.y(SourceFile:728) ~[server-1.21.5.jar:?]
	at net.minecraft.server.MinecraftServer.a(SourceFile:290) ~[server-1.21.5.jar:?]
	at java.base/java.lang.Thread.run(Thread.java:1583) [?:?]
[21:44:49] [Server thread/ERROR]: This crash report has been saved to: /workspaces/Merca/servidor_minecraft/crash-reports/crash-2025-05-28_21.44.49-server.txt
[21:44:49] [Server thread/INFO]: Stopping server
[21:44:49] [Server thread/INFO]: Saving worlds
[21:44:49] [Server thread/ERROR]: Exception stopping the server
java.lang.NullPointerException: Cannot invoke "asb.E_()" because "$$5" is null
	at net.minecraft.server.MinecraftServer.a(SourceFile:568) ~[server-1.21.5.jar:?]
	at net.minecraft.server.MinecraftServer.v(SourceFile:627) ~[server-1.21.5.jar:?]
	at aqr.v(SourceFile:543) ~[server-1.21.5.jar:?]
	at net.minecraft.server.MinecraftServer.y(SourceFile:747) ~[server-1.21.5.jar:?]
	at net.minecraft.server.MinecraftServer.a(SourceFile:290) ~[server-1.21.5.jar:?]
	at java.base/java.lang.Thread.run(Thread.java:1583) [?:?]
